src/proguard-project.txt
# To enable ProGuard in your project, edit project.properties
# to define the proguard.config property as described in that file.
#
# Add project specific ProGuard rules here.
# By default, the flags in this file are appended to flags specified
# in ${sdk.dir}/tools/proguard/proguard-android.txt
# You can edit the include path and order by changing the ProGuard
# include property in project.properties.
#
# For more details, see
#   http://developer.android.com/guide/developing/tools/proguard.html

# Add any project specific keep options here:

# If your project uses WebView with JS, uncomment the following
# and specify the fully qualified class name to the JavaScript interface
# class:
#-keepclassmembers class fqcn.of.javascript.interface.for.webview {
#   public *;
#}
-optimizationpasses 5
-dontusemixedcaseclassnames
-dontskipnonpubliclibraryclasses
-dontpreverify
-verbose
-optimizations !code/simplification/arithmetic,!field/*,!class/merging/*

#声明第三方jar包,不用管第三方jar包中的.so文件(如果有)
-libraryjars libs/achartengine-1.1.0.jar
-libraryjars libs/android-support-v4.jar
-libraryjars libs/pushservice-3.1.0.jar
-libraryjars libs/umeng_sdk.jar

-ignorewarnings

#所有activity的子类不要去混淆 
-keep public class * extends android.app.Activity
-keep public class * extends android.app.Application 
-keep public class * extends android.app.Service
-keep public class * extends android.content.BroadcastReceiver
-keep public class * extends android.content.ContentProvider
-keep public class * extends android.app.backup.BackupAgentHelper
-keep public class * extends android.preference.Preference
-keep public class com.android.vending.licensing.ILicensingService
#所有native的方法不能去混淆. 
-keepclasseswithmembernames class * {
    native <methods>;
}
-keepclasseswithmembers class * {
   public <init>(android.content.Context);
}
-keepclasseswithmembers class * {
   public <init>(android.content.Context, android.util.AttributeSet);
}
-keepclasseswithmembers class * {
   public <init>(android.content.Context, android.util.AttributeSet, int);
}
-keepclassmembers class * extends android.app.Activity {

   public void *(android.view.View);

}
# 枚举类不能去混淆. 
-keepclassmembers enum * {  
   public static **[] values();
   public static ** valueOf(java.lang.String);
}
#不混淆第三方jar包中的类
-keep class org.achartengine.** {*;}
-keep class com.umeng.** {*;}
-keep class com.baidu.** {*;}
-keep class android.support.v4.** {*;}