src/proguard/seeds.txt
com.baidu.android.pushservice.LoadExecutor
com.baidu.android.pushservice.LoadExecutor: java.lang.String a
com.baidu.android.pushservice.LoadExecutor: LoadExecutor()
com.baidu.android.pushservice.LoadExecutor: boolean loadPush(android.content.Context)
com.baidu.android.pushservice.LoadExecutor: boolean isPushLibLoaded(android.content.Context)
com.baidu.android.pushservice.LoadExecutor: void excuteMethod(java.lang.Runnable,android.content.Context)
com.baidu.android.pushservice.LoadExecutor$1
com.baidu.android.pushservice.LoadExecutor$1: android.content.Context a
com.baidu.android.pushservice.LoadExecutor$1: java.lang.Runnable b
com.baidu.android.pushservice.LoadExecutor$1: LoadExecutor$1(android.content.Context,java.lang.Runnable)
com.baidu.android.pushservice.LoadExecutor$1: void run()
com.baidu.android.pushservice.PushConstants
com.baidu.android.pushservice.PushConstants: java.lang.String EXTRA_PUSH_MESSAGE
com.baidu.android.pushservice.PushConstants: java.lang.String EXTRA_PUSH_MESSAGE_STRING
com.baidu.android.pushservice.PushConstants: java.lang.String ACTION_MESSAGE
com.baidu.android.pushservice.PushConstants: java.lang.String ACTION_SDK_MESSAGE
com.baidu.android.pushservice.PushConstants: java.lang.String ACTION_METHOD
com.baidu.android.pushservice.PushConstants: java.lang.String ACTION_RECEIVE
com.baidu.android.pushservice.PushConstants: java.lang.String ACTION_RECEIVER_NOTIFICATION_CLICK
com.baidu.android.pushservice.PushConstants: java.lang.String ACTION_SDK_RECEIVE
com.baidu.android.pushservice.PushConstants: java.lang.String ACTION_WEB_RECEIVE
com.baidu.android.pushservice.PushConstants: java.lang.String EXTRA_WEB_BIND_API_KEY
com.baidu.android.pushservice.PushConstants: java.lang.String EXTRA_METHOD
com.baidu.android.pushservice.PushConstants: java.lang.String PACKAGE_NAME
com.baidu.android.pushservice.PushConstants: java.lang.String EXTRA_ERROR_CODE
com.baidu.android.pushservice.PushConstants: java.lang.String EXTRA_CONTENT
com.baidu.android.pushservice.PushConstants: java.lang.String EXTRA_TAGS_LIST
com.baidu.android.pushservice.PushConstants: java.lang.String EXTRA_APP_ID
com.baidu.android.pushservice.PushConstants: java.lang.String EXTRA_USER_ID
com.baidu.android.pushservice.PushConstants: java.lang.String EXTRA_APP
com.baidu.android.pushservice.PushManager
com.baidu.android.pushservice.PushManager: PushManager()
com.baidu.android.pushservice.PushManager: void init(android.content.Context,java.lang.String,java.lang.String)
com.baidu.android.pushservice.PushManager: void init(android.content.Context,java.lang.String)
com.baidu.android.pushservice.PushManager: void initFromAKSK(android.content.Context,java.lang.String)
com.baidu.android.pushservice.PushManager: void startWork(android.content.Context,java.lang.String,java.lang.String)
com.baidu.android.pushservice.PushManager: void startWork(android.content.Context,int,java.lang.String)
com.baidu.android.pushservice.PushManager: void sdkStartWork(android.content.Context,java.lang.String,int)
com.baidu.android.pushservice.PushManager: void stopWork(android.content.Context)
com.baidu.android.pushservice.PushManager: void resumeWork(android.content.Context)
com.baidu.android.pushservice.PushManager: boolean isPushEnabled(android.content.Context)
com.baidu.android.pushservice.PushManager: void activityStarted(android.app.Activity)
com.baidu.android.pushservice.PushManager: void activityStoped(android.app.Activity)
com.baidu.android.pushservice.PushManager: void setAccessToken(android.content.Context,java.lang.String)
com.baidu.android.pushservice.PushManager: void setApiKey(android.content.Context,java.lang.String)
com.baidu.android.pushservice.PushManager: void setBduss(android.content.Context,java.lang.String)