src/proguard/mapping.txt
android.support.v4.content.ModernAsyncTask$3 -> android.support.v4.content.ModernAsyncTask$3:
    android.support.v4.content.ModernAsyncTask this$0 -> this$0
    void done() -> done
android.support.v4.content.ModernAsyncTask$4 -> android.support.v4.content.ModernAsyncTask$4:
    int[] $SwitchMap$android$support$v4$content$ModernAsyncTask$Status -> $SwitchMap$android$support$v4$content$ModernAsyncTask$Status
android.support.v4.content.ModernAsyncTask$AsyncTaskResult -> android.support.v4.content.ModernAsyncTask$AsyncTaskResult:
    android.support.v4.content.ModernAsyncTask mTask -> mTask
    java.lang.Object[] mData -> mData
android.support.v4.content.ModernAsyncTask$InternalHandler -> android.support.v4.content.ModernAsyncTask$InternalHandler:
    void handleMessage(android.os.Message) -> handleMessage
android.support.v4.content.ModernAsyncTask$Status -> android.support.v4.content.ModernAsyncTask$Status:
    android.support.v4.content.ModernAsyncTask$Status PENDING -> PENDING
    android.support.v4.content.ModernAsyncTask$Status RUNNING -> RUNNING
    android.support.v4.content.ModernAsyncTask$Status FINISHED -> FINISHED
    android.support.v4.content.ModernAsyncTask$Status[] $VALUES -> $VALUES
    android.support.v4.content.ModernAsyncTask$Status[] values() -> values
    android.support.v4.content.ModernAsyncTask$Status valueOf(java.lang.String) -> valueOf
android.support.v4.content.ModernAsyncTask$WorkerRunnable -> android.support.v4.content.ModernAsyncTask$WorkerRunnable:
    java.lang.Object[] mParams -> mParams
android.support.v4.content.pm.ActivityInfoCompat -> android.support.v4.content.pm.ActivityInfoCompat:
    int CONFIG_UI_MODE -> CONFIG_UI_MODE
android.support.v4.database.DatabaseUtilsCompat -> android.support.v4.database.DatabaseUtilsCompat:
    java.lang.String concatenateWhere(java.lang.String,java.lang.String) -> concatenateWhere
    java.lang.String[] appendSelectionArgs(java.lang.String[],java.lang.String[]) -> appendSelectionArgs
android.support.v4.net.ConnectivityManagerCompat -> android.support.v4.net.ConnectivityManagerCompat:
    android.support.v4.net.ConnectivityManagerCompat$ConnectivityManagerCompatImpl IMPL -> IMPL
    boolean isActiveNetworkMetered(android.net.ConnectivityManager) -> isActiveNetworkMetered
    android.net.NetworkInfo getNetworkInfoFromBroadcast(android.net.ConnectivityManager,android.content.Intent) -> getNetworkInfoFromBroadcast
android.support.v4.net.ConnectivityManagerCompat$BaseConnectivityManagerCompatImpl -> android.support.v4.net.ConnectivityManagerCompat$BaseConnectivityManagerCompatImpl:
    boolean isActiveNetworkMetered(android.net.ConnectivityManager) -> isActiveNetworkMetered
android.support.v4.net.ConnectivityManagerCompat$ConnectivityManagerCompatImpl -> android.support.v4.net.ConnectivityManagerCompat$ConnectivityManagerCompatImpl:
    boolean isActiveNetworkMetered(android.net.ConnectivityManager) -> isActiveNetworkMetered
android.support.v4.net.ConnectivityManagerCompat$GingerbreadConnectivityManagerCompatImpl -> android.support.v4.net.ConnectivityManagerCompat$GingerbreadConnectivityManagerCompatImpl:
    boolean isActiveNetworkMetered(android.net.ConnectivityManager) -> isActiveNetworkMetered
android.support.v4.net.ConnectivityManagerCompat$HoneycombMR2ConnectivityManagerCompatImpl -> android.support.v4.net.ConnectivityManagerCompat$HoneycombMR2ConnectivityManagerCompatImpl:
    boolean isActiveNetworkMetered(android.net.ConnectivityManager) -> isActiveNetworkMetered
android.support.v4.net.ConnectivityManagerCompat$JellyBeanConnectivityManagerCompatImpl -> android.support.v4.net.ConnectivityManagerCompat$JellyBeanConnectivityManagerCompatImpl:
    boolean isActiveNetworkMetered(android.net.ConnectivityManager) -> isActiveNetworkMetered